<?xml version="1.0" encoding="UTF-8"?>
<!-- Generated by org.testng.reporters.JUnitXMLReporter -->
<testsuite ignored="0" hostname="Chaitanya" failures="0" tests="4" name="(Test2)par" time="29.665" errors="0" timestamp="2024-11-12T22:46:48 IST">
  <testcase classname="Annotation.ParallelTesting1" name="Test2dataListFilter" time="6.812"/>
  <testcase classname="Annotation.ParallelTesting1" name="Test_1datePicker" time="1.727"/>
  <testcase classname="Annotation.ParallelTesting2" name="Test3Bootstrape" time="0.329"/>
  <testcase classname="Annotation.ParallelTesting2" name="Test4Draganddrop" time="11.11"/>
</testsuite> <!-- (Test2)par -->
