<?xml version="1.0" encoding="UTF-8"?>
<!-- Generated by org.testng.reporters.JUnitXMLReporter -->
<testsuite ignored="0" hostname="Chaitanya" failures="0" tests="4" name="(Test1)par" time="29.442" errors="0" timestamp="2024-11-12T22:46:48 IST">
  <testcase classname="Annotation.ParallelTesting1" name="Test2dataListFilter" time="1.518"/>
  <testcase classname="Annotation.ParallelTesting1" name="Test_1datePicker" time="6.349"/>
  <testcase classname="Annotation.ParallelTesting2" name="Test3Bootstrape" time="1.435"/>
  <testcase classname="Annotation.ParallelTesting2" name="Test4Draganddrop" time="10.565"/>
</testsuite> <!-- (Test1)par -->
