<?xml version="1.0" encoding="UTF-8"?>
<!-- Generated by org.testng.reporters.JUnitXMLReporter -->
<testsuite ignored="0" hostname="Chaitanya" failures="0" tests="4" name="par" time="17.388" errors="0" timestamp="2024-11-12T22:42:40 IST">
  <testcase classname="Annotation.ParallelTesting1" name="Test2dataListFilter" time="5.863"/>
  <testcase classname="Annotation.ParallelTesting2" name="Test3Bootstrape" time="6.186"/>
  <testcase classname="Annotation.ParallelTesting2" name="Test4Draganddrop" time="2.184"/>
  <testcase classname="Annotation.ParallelTesting1" name="Test_1datePicker" time="8.168"/>
</testsuite> <!-- par -->
