<?xml version="1.0" encoding="UTF-8"?>
<testng-results ignored="0" total="2" passed="2" failed="0" skipped="0">
  <reporter-output>
  </reporter-output>
  <suite started-at="2024-11-24T21:01:49 IST" name="Run" finished-at="2024-11-24T21:02:00 IST" duration-ms="10786">
    <groups>
    </groups>
    <test started-at="2024-11-24T21:01:49 IST" name="assertion" finished-at="2024-11-24T21:02:00 IST" duration-ms="10786">
      <class name="Annotation.AssertionsTest">
        <test-method is-config="true" signature="setUp()[pri:0, instance:Annotation.AssertionsTest@20d28811]" started-at="2024-11-24T21:01:49 IST" name="setUp" finished-at="2024-11-24T21:01:53 IST" duration-ms="3632" status="PASS">
          <reporter-output>
          </reporter-output>
        </test-method> <!-- setUp -->
        <test-method signature="testRadioButtons()[pri:0, instance:Annotation.AssertionsTest@20d28811]" started-at="2024-11-24T21:01:53 IST" name="testRadioButtons" finished-at="2024-11-24T21:01:54 IST" duration-ms="1260" status="PASS">
          <reporter-output>
          </reporter-output>
        </test-method> <!-- testRadioButtons -->
        <test-method is-config="true" signature="BrowserCLose()[pri:0, instance:Annotation.AssertionsTest@20d28811]" started-at="2024-11-24T21:01:54 IST" name="BrowserCLose" finished-at="2024-11-24T21:01:54 IST" duration-ms="166" status="PASS">
          <reporter-output>
          </reporter-output>
        </test-method> <!-- BrowserCLose -->
        <test-method is-config="true" signature="setUp()[pri:0, instance:Annotation.AssertionsTest@20d28811]" started-at="2024-11-24T21:01:54 IST" name="setUp" finished-at="2024-11-24T21:01:59 IST" duration-ms="4288" status="PASS">
          <reporter-output>
          </reporter-output>
        </test-method> <!-- setUp -->
        <test-method signature="testSingleCheckbox()[pri:0, instance:Annotation.AssertionsTest@20d28811]" started-at="2024-11-24T21:01:59 IST" name="testSingleCheckbox" finished-at="2024-11-24T21:02:00 IST" duration-ms="1178" status="PASS">
          <reporter-output>
          </reporter-output>
        </test-method> <!-- testSingleCheckbox -->
        <test-method is-config="true" signature="BrowserCLose()[pri:0, instance:Annotation.AssertionsTest@20d28811]" started-at="2024-11-24T21:02:00 IST" name="BrowserCLose" finished-at="2024-11-24T21:02:00 IST" duration-ms="223" status="PASS">
          <reporter-output>
          </reporter-output>
        </test-method> <!-- BrowserCLose -->
      </class> <!-- Annotation.AssertionsTest -->
    </test> <!-- assertion -->
  </suite> <!-- Run -->
</testng-results>
