<?xml version="1.0" encoding="UTF-8"?>
<testng-results ignored="0" total="2" passed="2" failed="0" skipped="0">
  <reporter-output>
  </reporter-output>
  <suite started-at="2024-11-20T09:33:35 IST" name="Run" finished-at="2024-11-20T09:33:47 IST" duration-ms="11896">
    <groups>
    </groups>
    <test started-at="2024-11-20T09:33:35 IST" name="assertion" finished-at="2024-11-20T09:33:47 IST" duration-ms="11896">
      <class name="Annotation.AssertionsTest">
        <test-method is-config="true" signature="setUp()[pri:0, instance:Annotation.AssertionsTest@20d28811]" started-at="2024-11-20T09:33:35 IST" name="setUp" finished-at="2024-11-20T09:33:43 IST" duration-ms="8061" status="PASS">
          <reporter-output>
          </reporter-output>
        </test-method> <!-- setUp -->
        <test-method signature="testRadioButtons()[pri:0, instance:Annotation.AssertionsTest@20d28811]" started-at="2024-11-20T09:33:43 IST" name="testRadioButtons" finished-at="2024-11-20T09:33:45 IST" duration-ms="1193" status="PASS">
          <reporter-output>
          </reporter-output>
        </test-method> <!-- testRadioButtons -->
        <test-method is-config="true" signature="BrowserCLose()[pri:0, instance:Annotation.AssertionsTest@20d28811]" started-at="2024-11-20T09:33:45 IST" name="BrowserCLose" finished-at="2024-11-20T09:33:45 IST" duration-ms="122" status="PASS">
          <reporter-output>
          </reporter-output>
        </test-method> <!-- BrowserCLose -->
        <test-method is-config="true" signature="setUp()[pri:0, instance:Annotation.AssertionsTest@20d28811]" started-at="2024-11-20T09:33:45 IST" name="setUp" finished-at="2024-11-20T09:33:46 IST" duration-ms="1633" status="PASS">
          <reporter-output>
          </reporter-output>
        </test-method> <!-- setUp -->
        <test-method signature="testSingleCheckbox()[pri:0, instance:Annotation.AssertionsTest@20d28811]" started-at="2024-11-20T09:33:46 IST" name="testSingleCheckbox" finished-at="2024-11-20T09:33:47 IST" duration-ms="753" status="PASS">
          <reporter-output>
          </reporter-output>
        </test-method> <!-- testSingleCheckbox -->
        <test-method is-config="true" signature="BrowserCLose()[pri:0, instance:Annotation.AssertionsTest@20d28811]" started-at="2024-11-20T09:33:47 IST" name="BrowserCLose" finished-at="2024-11-20T09:33:47 IST" duration-ms="105" status="PASS">
          <reporter-output>
          </reporter-output>
        </test-method> <!-- BrowserCLose -->
      </class> <!-- Annotation.AssertionsTest -->
    </test> <!-- assertion -->
  </suite> <!-- Run -->
</testng-results>
