<?xml version="1.0" encoding="UTF-8"?>
<!-- Generated by org.testng.reporters.JUnitXMLReporter -->
<testsuite ignored="2" hostname="Chaitanya" failures="0" tests="2" name="Run class annotatons" time="0.073" errors="0" timestamp="2024-11-07T19:02:33 IST">
  <testcase classname="Annotation.configannotations1" name="Test2" time="0.005"/>
  <testcase classname="Annotation.configannotations2" name="Test4" time="0.002"/>
  <testcase classname="Annotation.configannotations1" name="Test1" time="0.0">
    <ignored/>
  </testcase> <!-- Test1 -->
  <testcase classname="Annotation.configannotations2" name="Test3" time="0.0">
    <ignored/>
  </testcase> <!-- Test3 -->
</testsuite> <!-- Run class annotatons -->
